Using pre-set license
Built from '2020.3/staging' branch; Version is '2020.3.21f1 (a38c86f6690f) revision 10718342'; Using compiler version '192528614'; Build Type 'Release'
OS: 'Windows 10 Pro; OS build 22000.493; Version 2009; 64bit' Language: 'en' Physical Memory: 16336 MB
BatchMode: 1, IsHumanControllingUs: 0, StartBugReporterOnCrash: 0, Is64bit: 1, IsPro: 0

COMMAND LINE ARGUMENTS:
C:\Program Files\Unity\Hub\Editor\2020.3.21f1\Editor\Unity.exe
-adb2
-batchMode
-noUpm
-name
AssetImportWorker0
-projectPath
D:/GitHub/MouseDefence
-logFile
Logs/AssetImportWorker0.log
-srvPort
58786
Successfully changed project path to: D:/GitHub/MouseDefence
D:/GitHub/MouseDefence
Using Asset Import Pipeline V2.
Refreshing native plugins compatible for Editor in 57.10 ms, found 3 plugins.
Preloading 0 native plugins for Editor in 0.00 ms.
Initialize engine version: 2020.3.21f1 (a38c86f6690f)
[Subsystems] Discovering subsystems at path C:/Program Files/Unity/Hub/Editor/2020.3.21f1/Editor/Data/Resources/UnitySubsystems
[Subsystems] Discovering subsystems at path D:/GitHub/MouseDefence/Assets
GfxDevice: creating device client; threaded=0
Direct3D:
    Version:  Direct3D 11.0 [level 11.1]
    Renderer: NVIDIA GeForce RTX 2060 (ID=0x1f08)
    Vendor:   
    VRAM:     5980 MB
    Driver:   30.0.15.1179
Initialize mono
Mono path[0] = 'C:/Program Files/Unity/Hub/Editor/2020.3.21f1/Editor/Data/Managed'
Mono path[1] = 'C:/Program Files/Unity/Hub/Editor/2020.3.21f1/Editor/Data/MonoBleedingEdge/lib/mono/unityjit'
Mono config path = 'C:/Program Files/Unity/Hub/Editor/2020.3.21f1/Editor/Data/MonoBleedingEdge/etc'
Using monoOptions --debugger-agent=transport=dt_socket,embedding=1,server=y,suspend=n,address=127.0.0.1:56828
Begin MonoManager ReloadAssembly
Registering precompiled unity dll's ...
Register platform support module: C:/Program Files/Unity/Hub/Editor/2020.3.21f1/Editor/Data/PlaybackEngines/WindowsStandaloneSupport/UnityEditor.WindowsStandalone.Extensions.dll
Registered in 0.001979 seconds.
Native extension for WindowsStandalone target not found
Refreshing native plugins compatible for Editor in 55.23 ms, found 3 plugins.
Preloading 0 native plugins for Editor in 0.00 ms.
Mono: successfully reloaded assembly
- Completed reload, in  1.806 seconds
Domain Reload Profiling:
	ReloadAssembly (1806ms)
		BeginReloadAssembly (73ms)
			ExecutionOrderSort (0ms)
			DisableScriptedObjects (0ms)
			BackupInstance (0ms)
			ReleaseScriptingObjects (0ms)
			CreateAndSetChildDomain (1ms)
		EndReloadAssembly (460ms)
			LoadAssemblies (71ms)
			RebuildTransferFunctionScriptingTraits (0ms)
			SetupTypeCache (156ms)
			ReleaseScriptCaches (0ms)
			RebuildScriptCaches (28ms)
			SetupLoadedEditorAssemblies (184ms)
				LogAssemblyErrors (0ms)
				InitializePlatformSupportModulesInManaged (4ms)
				SetLoadedEditorAssemblies (0ms)
				RefreshPlugins (55ms)
				BeforeProcessingInitializeOnLoad (15ms)
				ProcessInitializeOnLoadAttributes (81ms)
				ProcessInitializeOnLoadMethodAttributes (28ms)
				AfterProcessingInitializeOnLoad (0ms)
				EditorAssembliesLoaded (0ms)
			ExecutionOrderSort2 (0ms)
			AwakeInstancesAfterBackupRestoration (0ms)
Platform modules already initialized, skipping
Registering precompiled user dll's ...
Registered in 0.003634 seconds.
Begin MonoManager ReloadAssembly
Native extension for WindowsStandalone target not found
Refreshing native plugins compatible for Editor in 55.20 ms, found 3 plugins.
Preloading 0 native plugins for Editor in 0.00 ms.
Mono: successfully reloaded assembly
- Completed reload, in  1.217 seconds
Domain Reload Profiling:
	ReloadAssembly (1217ms)
		BeginReloadAssembly (161ms)
			ExecutionOrderSort (0ms)
			DisableScriptedObjects (5ms)
			BackupInstance (0ms)
			ReleaseScriptingObjects (0ms)
			CreateAndSetChildDomain (16ms)
		EndReloadAssembly (993ms)
			LoadAssemblies (113ms)
			RebuildTransferFunctionScriptingTraits (0ms)
			SetupTypeCache (317ms)
			ReleaseScriptCaches (1ms)
			RebuildScriptCaches (51ms)
			SetupLoadedEditorAssemblies (414ms)
				LogAssemblyErrors (0ms)
				InitializePlatformSupportModulesInManaged (4ms)
				SetLoadedEditorAssemblies (0ms)
				RefreshPlugins (55ms)
				BeforeProcessingInitializeOnLoad (82ms)
				ProcessInitializeOnLoadAttributes (252ms)
				ProcessInitializeOnLoadMethodAttributes (15ms)
				AfterProcessingInitializeOnLoad (6ms)
				EditorAssembliesLoaded (0ms)
			ExecutionOrderSort2 (0ms)
			AwakeInstancesAfterBackupRestoration (6ms)
Platform modules already initialized, skipping
========================================================================
Worker process is ready to serve import requests
Launched and connected shader compiler UnityShaderCompiler.exe after 0.16 seconds
Refreshing native plugins compatible for Editor in 0.48 ms, found 3 plugins.
Preloading 0 native plugins for Editor in 0.00 ms.
Unloading 2730 Unused Serialized files (Serialized files now loaded: 0)
System memory in use before: 113.3 MB.
System memory in use after: 113.5 MB.

Unloading 30 unused Assets to reduce memory usage. Loaded Objects now: 3170.
Total: 3.446200 ms (FindLiveObjects: 0.240300 ms CreateObjectMapping: 0.067600 ms MarkObjects: 3.070500 ms  DeleteObjects: 0.066600 ms)

AssetImportParameters requested are different than current active one (requested -> active):
  custom:framework-win-MediaFoundation: 216162199b28c13a410421893ffa2e32 -> 
  custom:video-decoder-ogg-theora: a1e56fd34408186e4bbccfd4996cb3dc -> 
  custom:container-muxer-webm: aa71ff27fc2769a1b78a27578f13a17b -> 
  custom:container-demuxer-webm: 4f35f7cbe854078d1ac9338744f61a02 -> 
  custom:container-demuxer-ogg: 62fdf1f143b41e24485cea50d1cbac27 -> 
  custom:video-encoder-webm-vp8: eb34c28f22e8b96e1ab97ce403110664 -> 
  custom:video-decoder-webm-vp8: 9c59270c3fd7afecdb556c50c9e8de78 -> 
  custom:audio-decoder-ogg-vorbis: bf7c407c2cedff20999df2af8eb42d56 -> 
  custom:audio-encoder-webm-vorbis: bf7c407c2cedff20999df2af8eb42d56 -> 
========================================================================
Received Import Request.
  path: Assets/Resources/Sprites/Towers/Generator.png
  artifactKey: Guid(ff3652f791355b643af1bdc37a4f4ba2) Importer(815301076,1909f56bfc062723c751e8b465ee728b)
Start importing Assets/Resources/Sprites/Towers/Generator.png using Guid(ff3652f791355b643af1bdc37a4f4ba2) Importer(815301076,1909f56bfc062723c751e8b465ee728b)  -> (artifact id: 'a075455e84b3133ced2376b9fe2cad76') in 0.174537 seconds 
  Import took 0.185483 seconds .

========================================================================
Received Import Request.
  Time since last request: 20.386750 seconds.
  path: Assets/Resources/Sprites/Towers/Generator.png
  artifactKey: Guid(ff3652f791355b643af1bdc37a4f4ba2) Importer(815301076,1909f56bfc062723c751e8b465ee728b)
Start importing Assets/Resources/Sprites/Towers/Generator.png using Guid(ff3652f791355b643af1bdc37a4f4ba2) Importer(815301076,1909f56bfc062723c751e8b465ee728b)  -> (artifact id: 'e0258f34a632d07ff1cab59d7eb45631') in 0.034919 seconds 
  Import took 0.038968 seconds .

========================================================================
Received Prepare
Registering precompiled user dll's ...
Registered in 0.003376 seconds.
Begin MonoManager ReloadAssembly
Native extension for WindowsStandalone target not found
Refreshing native plugins compatible for Editor in 0.51 ms, found 3 plugins.
Preloading 0 native plugins for Editor in 0.00 ms.
Mono: successfully reloaded assembly
- Completed reload, in  1.096 seconds
Domain Reload Profiling:
	ReloadAssembly (1097ms)
		BeginReloadAssembly (144ms)
			ExecutionOrderSort (0ms)
			DisableScriptedObjects (6ms)
			BackupInstance (0ms)
			ReleaseScriptingObjects (0ms)
			CreateAndSetChildDomain (34ms)
		EndReloadAssembly (890ms)
			LoadAssemblies (112ms)
			RebuildTransferFunctionScriptingTraits (0ms)
			SetupTypeCache (324ms)
			ReleaseScriptCaches (1ms)
			RebuildScriptCaches (42ms)
			SetupLoadedEditorAssemblies (318ms)
				LogAssemblyErrors (0ms)
				InitializePlatformSupportModulesInManaged (4ms)
				SetLoadedEditorAssemblies (0ms)
				RefreshPlugins (1ms)
				BeforeProcessingInitializeOnLoad (76ms)
				ProcessInitializeOnLoadAttributes (221ms)
				ProcessInitializeOnLoadMethodAttributes (10ms)
				AfterProcessingInitializeOnLoad (6ms)
				EditorAssembliesLoaded (0ms)
			ExecutionOrderSort2 (0ms)
			AwakeInstancesAfterBackupRestoration (9ms)
Platform modules already initialized, skipping
Refreshing native plugins compatible for Editor in 0.50 ms, found 3 plugins.
Preloading 0 native plugins for Editor in 0.00 ms.
Unloading 2719 Unused Serialized files (Serialized files now loaded: 0)
System memory in use before: 115.8 MB.
System memory in use after: 116.0 MB.

Unloading 17 unused Assets to reduce memory usage. Loaded Objects now: 3178.
Total: 3.563000 ms (FindLiveObjects: 0.282700 ms CreateObjectMapping: 0.068200 ms MarkObjects: 3.192400 ms  DeleteObjects: 0.018500 ms)

AssetImportParameters requested are different than current active one (requested -> active):
  custom:framework-win-MediaFoundation: 216162199b28c13a410421893ffa2e32 -> 
  custom:video-decoder-ogg-theora: a1e56fd34408186e4bbccfd4996cb3dc -> 
  custom:container-muxer-webm: aa71ff27fc2769a1b78a27578f13a17b -> 
  custom:container-demuxer-webm: 4f35f7cbe854078d1ac9338744f61a02 -> 
  custom:container-demuxer-ogg: 62fdf1f143b41e24485cea50d1cbac27 -> 
  custom:video-encoder-webm-vp8: eb34c28f22e8b96e1ab97ce403110664 -> 
  custom:video-decoder-webm-vp8: 9c59270c3fd7afecdb556c50c9e8de78 -> 
  custom:audio-decoder-ogg-vorbis: bf7c407c2cedff20999df2af8eb42d56 -> 
  custom:audio-encoder-webm-vorbis: bf7c407c2cedff20999df2af8eb42d56 -> 
========================================================================
Received Import Request.
  Time since last request: 90.899426 seconds.
  path: Assets/Resources/Prefabs/Level/Towers/Generator.prefab
  artifactKey: Guid(a9565fe717f9ac84e8e49143d174b3a7) Importer(815301076,1909f56bfc062723c751e8b465ee728b)
Start importing Assets/Resources/Prefabs/Level/Towers/Generator.prefab using Guid(a9565fe717f9ac84e8e49143d174b3a7) Importer(815301076,1909f56bfc062723c751e8b465ee728b)  -> (artifact id: 'e275d5e3fd1bd28742da517b419f2b45') in 0.108665 seconds 
  Import took 0.127602 seconds .

========================================================================
Received Import Request.
  Time since last request: 4.278927 seconds.
  path: Assets/Resources/Prefabs/Level/Towers/Generator.prefab
  artifactKey: Guid(a9565fe717f9ac84e8e49143d174b3a7) Importer(815301076,1909f56bfc062723c751e8b465ee728b)
Start importing Assets/Resources/Prefabs/Level/Towers/Generator.prefab using Guid(a9565fe717f9ac84e8e49143d174b3a7) Importer(815301076,1909f56bfc062723c751e8b465ee728b)  -> (artifact id: '17ca11902df232e58c9d690e4afbe3f8') in 0.052414 seconds 
  Import took 0.056182 seconds .

========================================================================
Received Import Request.
  Time since last request: 11.162084 seconds.
  path: Assets/Resources/Prefabs/Level/Towers/Generator.prefab
  artifactKey: Guid(a9565fe717f9ac84e8e49143d174b3a7) Importer(815301076,1909f56bfc062723c751e8b465ee728b)
Start importing Assets/Resources/Prefabs/Level/Towers/Generator.prefab using Guid(a9565fe717f9ac84e8e49143d174b3a7) Importer(815301076,1909f56bfc062723c751e8b465ee728b)  -> (artifact id: '8fcd25030ebc0258ee9a323632fb3d2d') in 0.037130 seconds 
  Import took 0.040859 seconds .

========================================================================
Received Import Request.
  Time since last request: 7.650198 seconds.
  path: Assets/Resources/Prefabs/Level/Towers/Generator.prefab
  artifactKey: Guid(a9565fe717f9ac84e8e49143d174b3a7) Importer(815301076,1909f56bfc062723c751e8b465ee728b)
Start importing Assets/Resources/Prefabs/Level/Towers/Generator.prefab using Guid(a9565fe717f9ac84e8e49143d174b3a7) Importer(815301076,1909f56bfc062723c751e8b465ee728b)  -> (artifact id: '4a7015acd735eaa1804640260059d60f') in 0.038284 seconds 
  Import took 0.042089 seconds .

========================================================================
Received Import Request.
  Time since last request: 12.497601 seconds.
  path: Assets/Resources/Prefabs/Level/Towers/Catapult.prefab
  artifactKey: Guid(3a675f07ddbca4749902fe2388ecb665) Importer(815301076,1909f56bfc062723c751e8b465ee728b)
Start importing Assets/Resources/Prefabs/Level/Towers/Catapult.prefab using Guid(3a675f07ddbca4749902fe2388ecb665) Importer(815301076,1909f56bfc062723c751e8b465ee728b)  -> (artifact id: '5af8c4ba9527ddbf1ccec19e402db2ab') in 0.041801 seconds 
  Import took 0.071441 seconds .

========================================================================
Received Prepare
Registering precompiled user dll's ...
Registered in 0.003693 seconds.
Begin MonoManager ReloadAssembly
Native extension for WindowsStandalone target not found
Refreshing native plugins compatible for Editor in 0.51 ms, found 3 plugins.
Preloading 0 native plugins for Editor in 0.00 ms.
Mono: successfully reloaded assembly
- Completed reload, in  1.085 seconds
Domain Reload Profiling:
	ReloadAssembly (1086ms)
		BeginReloadAssembly (132ms)
			ExecutionOrderSort (0ms)
			DisableScriptedObjects (6ms)
			BackupInstance (0ms)
			ReleaseScriptingObjects (0ms)
			CreateAndSetChildDomain (35ms)
		EndReloadAssembly (889ms)
			LoadAssemblies (115ms)
			RebuildTransferFunctionScriptingTraits (0ms)
			SetupTypeCache (316ms)
			ReleaseScriptCaches (1ms)
			RebuildScriptCaches (42ms)
			SetupLoadedEditorAssemblies (323ms)
				LogAssemblyErrors (0ms)
				InitializePlatformSupportModulesInManaged (4ms)
				SetLoadedEditorAssemblies (0ms)
				RefreshPlugins (1ms)
				BeforeProcessingInitializeOnLoad (77ms)
				ProcessInitializeOnLoadAttributes (225ms)
				ProcessInitializeOnLoadMethodAttributes (10ms)
				AfterProcessingInitializeOnLoad (6ms)
				EditorAssembliesLoaded (0ms)
			ExecutionOrderSort2 (0ms)
			AwakeInstancesAfterBackupRestoration (9ms)
Platform modules already initialized, skipping
Refreshing native plugins compatible for Editor in 0.62 ms, found 3 plugins.
Preloading 0 native plugins for Editor in 0.00 ms.
Unloading 2719 Unused Serialized files (Serialized files now loaded: 0)
System memory in use before: 115.9 MB.
System memory in use after: 116.2 MB.

Unloading 17 unused Assets to reduce memory usage. Loaded Objects now: 3185.
Total: 3.314600 ms (FindLiveObjects: 0.224600 ms CreateObjectMapping: 0.064700 ms MarkObjects: 3.009300 ms  DeleteObjects: 0.014600 ms)

AssetImportParameters requested are different than current active one (requested -> active):
  custom:framework-win-MediaFoundation: 216162199b28c13a410421893ffa2e32 -> 
  custom:video-decoder-ogg-theora: a1e56fd34408186e4bbccfd4996cb3dc -> 
  custom:container-muxer-webm: aa71ff27fc2769a1b78a27578f13a17b -> 
  custom:container-demuxer-webm: 4f35f7cbe854078d1ac9338744f61a02 -> 
  custom:container-demuxer-ogg: 62fdf1f143b41e24485cea50d1cbac27 -> 
  custom:video-encoder-webm-vp8: eb34c28f22e8b96e1ab97ce403110664 -> 
  custom:video-decoder-webm-vp8: 9c59270c3fd7afecdb556c50c9e8de78 -> 
  custom:audio-decoder-ogg-vorbis: bf7c407c2cedff20999df2af8eb42d56 -> 
  custom:audio-encoder-webm-vorbis: bf7c407c2cedff20999df2af8eb42d56 -> 
========================================================================
Received Import Request.
  Time since last request: 52.765620 seconds.
  path: Assets/Resources/Prefabs/Level/Towers/Generator.prefab
  artifactKey: Guid(a9565fe717f9ac84e8e49143d174b3a7) Importer(815301076,1909f56bfc062723c751e8b465ee728b)
Start importing Assets/Resources/Prefabs/Level/Towers/Generator.prefab using Guid(a9565fe717f9ac84e8e49143d174b3a7) Importer(815301076,1909f56bfc062723c751e8b465ee728b)  -> (artifact id: '2e829423468a7da22d18d273212ce26d') in 0.125362 seconds 
  Import took 0.144755 seconds .

========================================================================
Received Import Request.
  Time since last request: 9.504370 seconds.
  path: Assets/Resources/Prefabs/Level/Towers/Generator.prefab
  artifactKey: Guid(a9565fe717f9ac84e8e49143d174b3a7) Importer(815301076,1909f56bfc062723c751e8b465ee728b)
Start importing Assets/Resources/Prefabs/Level/Towers/Generator.prefab using Guid(a9565fe717f9ac84e8e49143d174b3a7) Importer(815301076,1909f56bfc062723c751e8b465ee728b)  -> (artifact id: '194ae2747e5bf265845f967c5ae1c37e') in 0.051958 seconds 
  Import took 0.055725 seconds .

========================================================================
Received Import Request.
  Time since last request: 39.616327 seconds.
  path: Assets/Resources/Prefabs/Level/Towers/Generator.prefab
  artifactKey: Guid(a9565fe717f9ac84e8e49143d174b3a7) Importer(815301076,1909f56bfc062723c751e8b465ee728b)
Start importing Assets/Resources/Prefabs/Level/Towers/Generator.prefab using Guid(a9565fe717f9ac84e8e49143d174b3a7) Importer(815301076,1909f56bfc062723c751e8b465ee728b)  -> (artifact id: '6609aa4f2bab882b4082b874074a3f94') in 0.172829 seconds 
  Import took 0.176760 seconds .

========================================================================
Received Import Request.
  Time since last request: 3.319517 seconds.
  path: Assets/Resources/Prefabs/Level/Towers/Generator.prefab
  artifactKey: Guid(a9565fe717f9ac84e8e49143d174b3a7) Importer(815301076,1909f56bfc062723c751e8b465ee728b)
Start importing Assets/Resources/Prefabs/Level/Towers/Generator.prefab using Guid(a9565fe717f9ac84e8e49143d174b3a7) Importer(815301076,1909f56bfc062723c751e8b465ee728b)  -> (artifact id: '88a917694d125914dd60e77bd2ccc56d') in 0.039176 seconds 
  Import took 0.042890 seconds .

========================================================================
Received Import Request.
  Time since last request: 23.474240 seconds.
  path: Assets/Resources/Prefabs/Level/Towers/Generator.prefab
  artifactKey: Guid(a9565fe717f9ac84e8e49143d174b3a7) Importer(815301076,1909f56bfc062723c751e8b465ee728b)
Start importing Assets/Resources/Prefabs/Level/Towers/Generator.prefab using Guid(a9565fe717f9ac84e8e49143d174b3a7) Importer(815301076,1909f56bfc062723c751e8b465ee728b)  -> (artifact id: '81debb7ad7afabeccc091f557d183f17') in 0.071728 seconds 
  Import took 0.095093 seconds .

========================================================================
Received Prepare
Registering precompiled user dll's ...
Registered in 0.003392 seconds.
Begin MonoManager ReloadAssembly
Native extension for WindowsStandalone target not found
Refreshing native plugins compatible for Editor in 0.51 ms, found 3 plugins.
Preloading 0 native plugins for Editor in 0.00 ms.
Mono: successfully reloaded assembly
- Completed reload, in  1.078 seconds
Domain Reload Profiling:
	ReloadAssembly (1078ms)
		BeginReloadAssembly (133ms)
			ExecutionOrderSort (0ms)
			DisableScriptedObjects (6ms)
			BackupInstance (0ms)
			ReleaseScriptingObjects (0ms)
			CreateAndSetChildDomain (34ms)
		EndReloadAssembly (878ms)
			LoadAssemblies (115ms)
			RebuildTransferFunctionScriptingTraits (0ms)
			SetupTypeCache (308ms)
			ReleaseScriptCaches (1ms)
			RebuildScriptCaches (42ms)
			SetupLoadedEditorAssemblies (322ms)
				LogAssemblyErrors (0ms)
				InitializePlatformSupportModulesInManaged (4ms)
				SetLoadedEditorAssemblies (0ms)
				RefreshPlugins (1ms)
				BeforeProcessingInitializeOnLoad (76ms)
				ProcessInitializeOnLoadAttributes (224ms)
				ProcessInitializeOnLoadMethodAttributes (10ms)
				AfterProcessingInitializeOnLoad (6ms)
				EditorAssembliesLoaded (0ms)
			ExecutionOrderSort2 (0ms)
			AwakeInstancesAfterBackupRestoration (9ms)
Platform modules already initialized, skipping
Refreshing native plugins compatible for Editor in 0.49 ms, found 3 plugins.
Preloading 0 native plugins for Editor in 0.00 ms.
Unloading 2719 Unused Serialized files (Serialized files now loaded: 0)
System memory in use before: 116.0 MB.
System memory in use after: 116.2 MB.

Unloading 17 unused Assets to reduce memory usage. Loaded Objects now: 3188.
Total: 3.750100 ms (FindLiveObjects: 0.250000 ms CreateObjectMapping: 0.065800 ms MarkObjects: 3.412000 ms  DeleteObjects: 0.020900 ms)

AssetImportParameters requested are different than current active one (requested -> active):
  custom:framework-win-MediaFoundation: 216162199b28c13a410421893ffa2e32 -> 
  custom:video-decoder-ogg-theora: a1e56fd34408186e4bbccfd4996cb3dc -> 
  custom:container-muxer-webm: aa71ff27fc2769a1b78a27578f13a17b -> 
  custom:container-demuxer-webm: 4f35f7cbe854078d1ac9338744f61a02 -> 
  custom:container-demuxer-ogg: 62fdf1f143b41e24485cea50d1cbac27 -> 
  custom:video-encoder-webm-vp8: eb34c28f22e8b96e1ab97ce403110664 -> 
  custom:video-decoder-webm-vp8: 9c59270c3fd7afecdb556c50c9e8de78 -> 
  custom:audio-decoder-ogg-vorbis: bf7c407c2cedff20999df2af8eb42d56 -> 
  custom:audio-encoder-webm-vorbis: bf7c407c2cedff20999df2af8eb42d56 -> 
========================================================================
Received Import Request.
  Time since last request: 501.636667 seconds.
  path: Assets/Resources/Prefabs/Level/Towers/Catapult.prefab
  artifactKey: Guid(3a675f07ddbca4749902fe2388ecb665) Importer(815301076,1909f56bfc062723c751e8b465ee728b)
Start importing Assets/Resources/Prefabs/Level/Towers/Catapult.prefab using Guid(3a675f07ddbca4749902fe2388ecb665) Importer(815301076,1909f56bfc062723c751e8b465ee728b)  -> (artifact id: '56a3028e5dc9347f89bdd1f573483af3') in 0.087153 seconds 
  Import took 0.111244 seconds .

========================================================================
Received Import Request.
  Time since last request: 0.000165 seconds.
  path: Assets/Resources/Prefabs/Level/Towers/Generator.prefab
  artifactKey: Guid(a9565fe717f9ac84e8e49143d174b3a7) Importer(815301076,1909f56bfc062723c751e8b465ee728b)
Start importing Assets/Resources/Prefabs/Level/Towers/Generator.prefab using Guid(a9565fe717f9ac84e8e49143d174b3a7) Importer(815301076,1909f56bfc062723c751e8b465ee728b)  -> (artifact id: 'c40a3d67c9504a0ebfed1667fdc3955a') in 0.036554 seconds 
  Import took 0.040127 seconds .

========================================================================
Received Import Request.
  Time since last request: 0.000180 seconds.
  path: Assets/Resources/Prefabs/Level/Towers/Cheese Converter.prefab
  artifactKey: Guid(f4618fa0a59563c4ebc3eccb1b2f18dd) Importer(815301076,1909f56bfc062723c751e8b465ee728b)
Start importing Assets/Resources/Prefabs/Level/Towers/Cheese Converter.prefab using Guid(f4618fa0a59563c4ebc3eccb1b2f18dd) Importer(815301076,1909f56bfc062723c751e8b465ee728b)  -> (artifact id: '2907d95d9fc1d8868aa0ff28ec297cd6') in 0.054553 seconds 
  Import took 0.058345 seconds .

========================================================================
Received Import Request.
  Time since last request: 0.000158 seconds.
  path: Assets/Resources/Prefabs/Level/Towers/Laser Turret.prefab
  artifactKey: Guid(b092769c22e9d9c49a89c09ca4e009f9) Importer(815301076,1909f56bfc062723c751e8b465ee728b)
Start importing Assets/Resources/Prefabs/Level/Towers/Laser Turret.prefab using Guid(b092769c22e9d9c49a89c09ca4e009f9) Importer(815301076,1909f56bfc062723c751e8b465ee728b)  -> (artifact id: '5e075cd398ba7130a1d6309e1e99f4d9') in 0.050275 seconds 
  Import took 0.071967 seconds .

========================================================================
Received Import Request.
  Time since last request: 44.505679 seconds.
  path: Assets/Resources/Prefabs/Level/Towers/Laser Turret.prefab
  artifactKey: Guid(b092769c22e9d9c49a89c09ca4e009f9) Importer(815301076,1909f56bfc062723c751e8b465ee728b)
Start importing Assets/Resources/Prefabs/Level/Towers/Laser Turret.prefab using Guid(b092769c22e9d9c49a89c09ca4e009f9) Importer(815301076,1909f56bfc062723c751e8b465ee728b)  -> (artifact id: '6ef1ffc94c38077f44a172bad57e64ca') in 0.068688 seconds 
  Import took 0.072431 seconds .

========================================================================
Received Import Request.
  Time since last request: 11.172196 seconds.
  path: Assets/Resources/Prefabs/Level/Towers/Laser Turret.prefab
  artifactKey: Guid(b092769c22e9d9c49a89c09ca4e009f9) Importer(815301076,1909f56bfc062723c751e8b465ee728b)
Start importing Assets/Resources/Prefabs/Level/Towers/Laser Turret.prefab using Guid(b092769c22e9d9c49a89c09ca4e009f9) Importer(815301076,1909f56bfc062723c751e8b465ee728b)  -> (artifact id: 'baea0ad720d537fbc081da21e6239b3a') in 0.044377 seconds 
  Import took 0.048126 seconds .

========================================================================
Received Import Request.
  Time since last request: 11.895883 seconds.
  path: Assets/Resources/Prefabs/Level/Towers/Laser Turret.prefab
  artifactKey: Guid(b092769c22e9d9c49a89c09ca4e009f9) Importer(815301076,1909f56bfc062723c751e8b465ee728b)
Start importing Assets/Resources/Prefabs/Level/Towers/Laser Turret.prefab using Guid(b092769c22e9d9c49a89c09ca4e009f9) Importer(815301076,1909f56bfc062723c751e8b465ee728b)  -> (artifact id: 'dad0690f0f72ccabd51b509ddab51534') in 0.047996 seconds 
  Import took 0.051856 seconds .

========================================================================
Received Import Request.
  Time since last request: 4.915917 seconds.
  path: Assets/Resources/Prefabs/Level/Towers/Laser Turret.prefab
  artifactKey: Guid(b092769c22e9d9c49a89c09ca4e009f9) Importer(815301076,1909f56bfc062723c751e8b465ee728b)
Start importing Assets/Resources/Prefabs/Level/Towers/Laser Turret.prefab using Guid(b092769c22e9d9c49a89c09ca4e009f9) Importer(815301076,1909f56bfc062723c751e8b465ee728b)  -> (artifact id: 'dea23d3d8393ddf3ba9178ba4e7e17de') in 0.065099 seconds 
  Import took 0.069011 seconds .

========================================================================
Received Import Request.
  Time since last request: 7.060030 seconds.
  path: Assets/Resources/Prefabs/Level/Towers/Cheese Converter.prefab
  artifactKey: Guid(f4618fa0a59563c4ebc3eccb1b2f18dd) Importer(815301076,1909f56bfc062723c751e8b465ee728b)
Start importing Assets/Resources/Prefabs/Level/Towers/Cheese Converter.prefab using Guid(f4618fa0a59563c4ebc3eccb1b2f18dd) Importer(815301076,1909f56bfc062723c751e8b465ee728b)  -> (artifact id: '24f1f5fa680167722f49f62282c55143') in 0.065703 seconds 
  Import took 0.257678 seconds .

========================================================================
Received Import Request.
  Time since last request: 2.621946 seconds.
  path: Assets/Resources/Prefabs/Level/Towers/Catapult.prefab
  artifactKey: Guid(3a675f07ddbca4749902fe2388ecb665) Importer(815301076,1909f56bfc062723c751e8b465ee728b)
Start importing Assets/Resources/Prefabs/Level/Towers/Catapult.prefab using Guid(3a675f07ddbca4749902fe2388ecb665) Importer(815301076,1909f56bfc062723c751e8b465ee728b)  -> (artifact id: '83e0766bf8bce9c48a78cd1d8b627806') in 0.067019 seconds 
  Import took 0.071190 seconds .

========================================================================
Received Prepare
Registering precompiled user dll's ...
Registered in 0.003457 seconds.
Begin MonoManager ReloadAssembly
Native extension for WindowsStandalone target not found
Refreshing native plugins compatible for Editor in 0.50 ms, found 3 plugins.
Preloading 0 native plugins for Editor in 0.00 ms.
Mono: successfully reloaded assembly
- Completed reload, in  1.109 seconds
Domain Reload Profiling:
	ReloadAssembly (1110ms)
		BeginReloadAssembly (161ms)
			ExecutionOrderSort (0ms)
			DisableScriptedObjects (6ms)
			BackupInstance (0ms)
			ReleaseScriptingObjects (0ms)
			CreateAndSetChildDomain (54ms)
		EndReloadAssembly (887ms)
			LoadAssemblies (113ms)
			RebuildTransferFunctionScriptingTraits (0ms)
			SetupTypeCache (309ms)
			ReleaseScriptCaches (1ms)
			RebuildScriptCaches (43ms)
			SetupLoadedEditorAssemblies (325ms)
				LogAssemblyErrors (0ms)
				InitializePlatformSupportModulesInManaged (4ms)
				SetLoadedEditorAssemblies (0ms)
				RefreshPlugins (1ms)
				BeforeProcessingInitializeOnLoad (77ms)
				ProcessInitializeOnLoadAttributes (228ms)
				ProcessInitializeOnLoadMethodAttributes (10ms)
				AfterProcessingInitializeOnLoad (6ms)
				EditorAssembliesLoaded (0ms)
			ExecutionOrderSort2 (0ms)
			AwakeInstancesAfterBackupRestoration (9ms)
Platform modules already initialized, skipping
Refreshing native plugins compatible for Editor in 0.50 ms, found 3 plugins.
Preloading 0 native plugins for Editor in 0.00 ms.
Unloading 2719 Unused Serialized files (Serialized files now loaded: 0)
System memory in use before: 116.0 MB.
System memory in use after: 116.2 MB.

Unloading 17 unused Assets to reduce memory usage. Loaded Objects now: 3191.
Total: 3.300900 ms (FindLiveObjects: 0.244700 ms CreateObjectMapping: 0.064700 ms MarkObjects: 2.974700 ms  DeleteObjects: 0.015600 ms)

AssetImportParameters requested are different than current active one (requested -> active):
  custom:framework-win-MediaFoundation: 216162199b28c13a410421893ffa2e32 -> 
  custom:video-decoder-ogg-theora: a1e56fd34408186e4bbccfd4996cb3dc -> 
  custom:container-muxer-webm: aa71ff27fc2769a1b78a27578f13a17b -> 
  custom:container-demuxer-webm: 4f35f7cbe854078d1ac9338744f61a02 -> 
  custom:container-demuxer-ogg: 62fdf1f143b41e24485cea50d1cbac27 -> 
  custom:video-encoder-webm-vp8: eb34c28f22e8b96e1ab97ce403110664 -> 
  custom:video-decoder-webm-vp8: 9c59270c3fd7afecdb556c50c9e8de78 -> 
  custom:audio-decoder-ogg-vorbis: bf7c407c2cedff20999df2af8eb42d56 -> 
  custom:audio-encoder-webm-vorbis: bf7c407c2cedff20999df2af8eb42d56 -> 
========================================================================
Received Import Request.
  Time since last request: 105.607422 seconds.
  path: Assets/Resources/Prefabs/Level/Towers/Generator.prefab
  artifactKey: Guid(a9565fe717f9ac84e8e49143d174b3a7) Importer(815301076,1909f56bfc062723c751e8b465ee728b)
Start importing Assets/Resources/Prefabs/Level/Towers/Generator.prefab using Guid(a9565fe717f9ac84e8e49143d174b3a7) Importer(815301076,1909f56bfc062723c751e8b465ee728b)  -> (artifact id: '4ae1e89f936f0204ba08d46f5953fa35') in 0.092253 seconds 
  Import took 0.095936 seconds .

========================================================================
Received Prepare
Registering precompiled user dll's ...
Registered in 0.004766 seconds.
Begin MonoManager ReloadAssembly
Native extension for WindowsStandalone target not found
Refreshing native plugins compatible for Editor in 0.50 ms, found 3 plugins.
Preloading 0 native plugins for Editor in 0.00 ms.
Mono: successfully reloaded assembly
- Completed reload, in  1.063 seconds
Domain Reload Profiling:
	ReloadAssembly (1063ms)
		BeginReloadAssembly (136ms)
			ExecutionOrderSort (0ms)
			DisableScriptedObjects (6ms)
			BackupInstance (0ms)
			ReleaseScriptingObjects (0ms)
			CreateAndSetChildDomain (33ms)
		EndReloadAssembly (865ms)
			LoadAssemblies (110ms)
			RebuildTransferFunctionScriptingTraits (0ms)
			SetupTypeCache (305ms)
			ReleaseScriptCaches (1ms)
			RebuildScriptCaches (41ms)
			SetupLoadedEditorAssemblies (317ms)
				LogAssemblyErrors (0ms)
				InitializePlatformSupportModulesInManaged (4ms)
				SetLoadedEditorAssemblies (0ms)
				RefreshPlugins (1ms)
				BeforeProcessingInitializeOnLoad (77ms)
				ProcessInitializeOnLoadAttributes (219ms)
				ProcessInitializeOnLoadMethodAttributes (10ms)
				AfterProcessingInitializeOnLoad (6ms)
				EditorAssembliesLoaded (0ms)
			ExecutionOrderSort2 (0ms)
			AwakeInstancesAfterBackupRestoration (9ms)
Platform modules already initialized, skipping
Refreshing native plugins compatible for Editor in 0.50 ms, found 3 plugins.
Preloading 0 native plugins for Editor in 0.00 ms.
Unloading 2719 Unused Serialized files (Serialized files now loaded: 0)
System memory in use before: 116.0 MB.
System memory in use after: 116.3 MB.

Unloading 17 unused Assets to reduce memory usage. Loaded Objects now: 3194.
Total: 3.266600 ms (FindLiveObjects: 0.236600 ms CreateObjectMapping: 0.070500 ms MarkObjects: 2.942900 ms  DeleteObjects: 0.015500 ms)

AssetImportParameters requested are different than current active one (requested -> active):
  custom:framework-win-MediaFoundation: 216162199b28c13a410421893ffa2e32 -> 
  custom:video-decoder-ogg-theora: a1e56fd34408186e4bbccfd4996cb3dc -> 
  custom:container-muxer-webm: aa71ff27fc2769a1b78a27578f13a17b -> 
  custom:container-demuxer-webm: 4f35f7cbe854078d1ac9338744f61a02 -> 
  custom:container-demuxer-ogg: 62fdf1f143b41e24485cea50d1cbac27 -> 
  custom:video-encoder-webm-vp8: eb34c28f22e8b96e1ab97ce403110664 -> 
  custom:video-decoder-webm-vp8: 9c59270c3fd7afecdb556c50c9e8de78 -> 
  custom:audio-decoder-ogg-vorbis: bf7c407c2cedff20999df2af8eb42d56 -> 
  custom:audio-encoder-webm-vorbis: bf7c407c2cedff20999df2af8eb42d56 -> 
========================================================================
Received Import Request.
  Time since last request: 24.528044 seconds.
  path: Assets/Resources/Prefabs/Level/Towers/Generator.prefab
  artifactKey: Guid(a9565fe717f9ac84e8e49143d174b3a7) Importer(815301076,1909f56bfc062723c751e8b465ee728b)
Start importing Assets/Resources/Prefabs/Level/Towers/Generator.prefab using Guid(a9565fe717f9ac84e8e49143d174b3a7) Importer(815301076,1909f56bfc062723c751e8b465ee728b)  -> (artifact id: 'c3c836350e8b6e762c44f19977b624bf') in 0.080668 seconds 
  Import took 0.084370 seconds .

========================================================================
Received Import Request.
  Time since last request: 3.123147 seconds.
  path: Assets/Resources/Prefabs/Level/Towers/Generator.prefab
  artifactKey: Guid(a9565fe717f9ac84e8e49143d174b3a7) Importer(815301076,1909f56bfc062723c751e8b465ee728b)
Start importing Assets/Resources/Prefabs/Level/Towers/Generator.prefab using Guid(a9565fe717f9ac84e8e49143d174b3a7) Importer(815301076,1909f56bfc062723c751e8b465ee728b)  -> (artifact id: 'f14ae7caf52fdb2ee1bfcee1206b3617') in 0.054999 seconds 
  Import took 0.058702 seconds .

========================================================================
Received Import Request.
  Time since last request: 16.496004 seconds.
  path: Assets/Resources/Prefabs/Level/Towers/Generator.prefab
  artifactKey: Guid(a9565fe717f9ac84e8e49143d174b3a7) Importer(815301076,1909f56bfc062723c751e8b465ee728b)
Start importing Assets/Resources/Prefabs/Level/Towers/Generator.prefab using Guid(a9565fe717f9ac84e8e49143d174b3a7) Importer(815301076,1909f56bfc062723c751e8b465ee728b)  -> (artifact id: 'fa0d47b30fc001ecacbd020b9fb69c87') in 0.075809 seconds 
  Import took 0.079538 seconds .

========================================================================
Received Import Request.
  Time since last request: 2.777051 seconds.
  path: Assets/Resources/Prefabs/Level/Towers/Generator.prefab
  artifactKey: Guid(a9565fe717f9ac84e8e49143d174b3a7) Importer(815301076,1909f56bfc062723c751e8b465ee728b)
Start importing Assets/Resources/Prefabs/Level/Towers/Generator.prefab using Guid(a9565fe717f9ac84e8e49143d174b3a7) Importer(815301076,1909f56bfc062723c751e8b465ee728b)  -> (artifact id: '6501a5214923808d2d1ddc6a9eac1c1d') in 0.040228 seconds 
  Import took 0.044065 seconds .

========================================================================
Received Import Request.
  Time since last request: 0.546223 seconds.
  path: Assets/Resources/Prefabs/Level/Towers/Generator.prefab
  artifactKey: Guid(a9565fe717f9ac84e8e49143d174b3a7) Importer(815301076,1909f56bfc062723c751e8b465ee728b)
Start importing Assets/Resources/Prefabs/Level/Towers/Generator.prefab using Guid(a9565fe717f9ac84e8e49143d174b3a7) Importer(815301076,1909f56bfc062723c751e8b465ee728b)  -> (artifact id: 'f1109817da12c38389c01a95cbbdb57c') in 1.064937 seconds 
  Import took 1.068894 seconds .

========================================================================
Received Import Request.
  Time since last request: 2.784115 seconds.
  path: Assets/Resources/Prefabs/Level/Towers/Generator.prefab
  artifactKey: Guid(a9565fe717f9ac84e8e49143d174b3a7) Importer(815301076,1909f56bfc062723c751e8b465ee728b)
Start importing Assets/Resources/Prefabs/Level/Towers/Generator.prefab using Guid(a9565fe717f9ac84e8e49143d174b3a7) Importer(815301076,1909f56bfc062723c751e8b465ee728b)  -> (artifact id: '3f699f0590ad13989eaf89ee63bc7d1b') in 0.040053 seconds 
  Import took 0.043995 seconds .

========================================================================
Received Import Request.
  Time since last request: 5.177076 seconds.
  path: Packages/com.unity.inputsystem/InputSystem/Editor/AssetEditor/Resources/personal/actionTreeBackground.png
  artifactKey: Guid(ce5f11cd993284c4f9c54f854bdc8c9c) Importer(815301076,1909f56bfc062723c751e8b465ee728b)
Start importing Packages/com.unity.inputsystem/InputSystem/Editor/AssetEditor/Resources/personal/actionTreeBackground.png using Guid(ce5f11cd993284c4f9c54f854bdc8c9c) Importer(815301076,1909f56bfc062723c751e8b465ee728b)  -> (artifact id: 'cfa2c57b0aa97e76a124c4d789d105e4') in 0.127672 seconds 
  Import took 0.131783 seconds .

========================================================================
Received Import Request.
  Time since last request: 0.000172 seconds.
  path: Packages/com.unity.inputsystem/InputSystem/Editor/Icons/Add Binding.png
  artifactKey: Guid(958a10dec4f3a4764bb345b0aa03510b) Importer(815301076,1909f56bfc062723c751e8b465ee728b)
Start importing Packages/com.unity.inputsystem/InputSystem/Editor/Icons/Add Binding.png using Guid(958a10dec4f3a4764bb345b0aa03510b) Importer(815301076,1909f56bfc062723c751e8b465ee728b)  -> (artifact id: '971ecac382b57595ff872f0f04a47175') in 0.250122 seconds 
  Import took 0.253828 seconds .

========================================================================
Received Import Request.
  Time since last request: 0.000180 seconds.
  path: Packages/com.unity.inputsystem/InputSystem/Editor/Icons/Add Binding@2x.png
  artifactKey: Guid(bb5fa99d6e9434c9ebf101c956021ee1) Importer(815301076,1909f56bfc062723c751e8b465ee728b)
Start importing Packages/com.unity.inputsystem/InputSystem/Editor/Icons/Add Binding@2x.png using Guid(bb5fa99d6e9434c9ebf101c956021ee1) Importer(815301076,1909f56bfc062723c751e8b465ee728b)  -> (artifact id: '79facc9d7d46d94d6b51f49257f903e8') in 0.160397 seconds 
  Import took 0.163994 seconds .

========================================================================
Received Import Request.
  Time since last request: 0.000164 seconds.
  path: Packages/com.unity.inputsystem/InputSystem/Editor/AssetEditor/Resources/pro/actionTreeBackground.png
  artifactKey: Guid(c4b66e31395c54087a2fbc13ae7e0f3c) Importer(815301076,1909f56bfc062723c751e8b465ee728b)
Start importing Packages/com.unity.inputsystem/InputSystem/Editor/AssetEditor/Resources/pro/actionTreeBackground.png using Guid(c4b66e31395c54087a2fbc13ae7e0f3c) Importer(815301076,1909f56bfc062723c751e8b465ee728b)  -> (artifact id: 'cf48071fff8f5142364eb99c31c153a9') in 0.069406 seconds 
  Import took 0.072775 seconds .

========================================================================
Received Import Request.
  Time since last request: 0.000198 seconds.
  path: Packages/com.unity.inputsystem/InputSystem/Editor/AssetEditor/Resources/personal/actionTreeBackgroundWithoutBorder.png
  artifactKey: Guid(cf632ed80bf1f46c980de6b1b8b903ef) Importer(815301076,1909f56bfc062723c751e8b465ee728b)
Start importing Packages/com.unity.inputsystem/InputSystem/Editor/AssetEditor/Resources/personal/actionTreeBackgroundWithoutBorder.png using Guid(cf632ed80bf1f46c980de6b1b8b903ef) Importer(815301076,1909f56bfc062723c751e8b465ee728b)  -> (artifact id: 'c41ea57829c304ba6f09a507c0849984') in 0.066973 seconds 
  Import took 0.070711 seconds .

========================================================================
Received Import Request.
  Time since last request: 0.000181 seconds.
  path: Packages/com.unity.inputsystem/InputSystem/Editor/AssetEditor/Resources/pro/actionTreeBackgroundWithoutBorder.png
  artifactKey: Guid(943deaaee9c9347e0a455aa208526c42) Importer(815301076,1909f56bfc062723c751e8b465ee728b)
Start importing Packages/com.unity.inputsystem/InputSystem/Editor/AssetEditor/Resources/pro/actionTreeBackgroundWithoutBorder.png using Guid(943deaaee9c9347e0a455aa208526c42) Importer(815301076,1909f56bfc062723c751e8b465ee728b)  -> (artifact id: '3bc153bdddaf95efd01942a39cdf29ae') in 0.037702 seconds 
  Import took 0.055210 seconds .

========================================================================
Received Import Request.
  Time since last request: 11.449300 seconds.
  path: Assets/Resources/Prefabs/Level/Towers/Generator.prefab
  artifactKey: Guid(a9565fe717f9ac84e8e49143d174b3a7) Importer(815301076,1909f56bfc062723c751e8b465ee728b)
Start importing Assets/Resources/Prefabs/Level/Towers/Generator.prefab using Guid(a9565fe717f9ac84e8e49143d174b3a7) Importer(815301076,1909f56bfc062723c751e8b465ee728b)  -> (artifact id: '8b96254c7369bc78dfac7112173940e8') in 0.043640 seconds 
  Import took 0.047538 seconds .

========================================================================
Received Prepare
Registering precompiled user dll's ...
Registered in 0.003396 seconds.
Begin MonoManager ReloadAssembly
Native extension for WindowsStandalone target not found
Refreshing native plugins compatible for Editor in 0.50 ms, found 3 plugins.
Preloading 0 native plugins for Editor in 0.00 ms.
Mono: successfully reloaded assembly
- Completed reload, in  1.081 seconds
Domain Reload Profiling:
	ReloadAssembly (1081ms)
		BeginReloadAssembly (140ms)
			ExecutionOrderSort (0ms)
			DisableScriptedObjects (6ms)
			BackupInstance (0ms)
			ReleaseScriptingObjects (0ms)
			CreateAndSetChildDomain (34ms)
		EndReloadAssembly (874ms)
			LoadAssemblies (117ms)
			RebuildTransferFunctionScriptingTraits (0ms)
			SetupTypeCache (310ms)
			ReleaseScriptCaches (1ms)
			RebuildScriptCaches (42ms)
			SetupLoadedEditorAssemblies (314ms)
				LogAssemblyErrors (0ms)
				InitializePlatformSupportModulesInManaged (4ms)
				SetLoadedEditorAssemblies (0ms)
				RefreshPlugins (1ms)
				BeforeProcessingInitializeOnLoad (75ms)
				ProcessInitializeOnLoadAttributes (217ms)
				ProcessInitializeOnLoadMethodAttributes (10ms)
				AfterProcessingInitializeOnLoad (6ms)
				EditorAssembliesLoaded (0ms)
			ExecutionOrderSort2 (0ms)
			AwakeInstancesAfterBackupRestoration (9ms)
Platform modules already initialized, skipping
Refreshing native plugins compatible for Editor in 0.55 ms, found 3 plugins.
Preloading 0 native plugins for Editor in 0.00 ms.
Unloading 2719 Unused Serialized files (Serialized files now loaded: 0)
System memory in use before: 116.1 MB.
System memory in use after: 116.3 MB.

Unloading 17 unused Assets to reduce memory usage. Loaded Objects now: 3201.
Total: 3.608500 ms (FindLiveObjects: 0.367000 ms CreateObjectMapping: 0.067200 ms MarkObjects: 3.153200 ms  DeleteObjects: 0.019900 ms)

AssetImportParameters requested are different than current active one (requested -> active):
  custom:framework-win-MediaFoundation: 216162199b28c13a410421893ffa2e32 -> 
  custom:video-decoder-ogg-theora: a1e56fd34408186e4bbccfd4996cb3dc -> 
  custom:container-muxer-webm: aa71ff27fc2769a1b78a27578f13a17b -> 
  custom:container-demuxer-webm: 4f35f7cbe854078d1ac9338744f61a02 -> 
  custom:container-demuxer-ogg: 62fdf1f143b41e24485cea50d1cbac27 -> 
  custom:video-encoder-webm-vp8: eb34c28f22e8b96e1ab97ce403110664 -> 
  custom:video-decoder-webm-vp8: 9c59270c3fd7afecdb556c50c9e8de78 -> 
  custom:audio-decoder-ogg-vorbis: bf7c407c2cedff20999df2af8eb42d56 -> 
  custom:audio-encoder-webm-vorbis: bf7c407c2cedff20999df2af8eb42d56 -> 
========================================================================
Received Import Request.
  Time since last request: 30.281798 seconds.
  path: Assets/Resources/Prefabs/Level/Towers/Cheese Converter.prefab
  artifactKey: Guid(f4618fa0a59563c4ebc3eccb1b2f18dd) Importer(815301076,1909f56bfc062723c751e8b465ee728b)
Start importing Assets/Resources/Prefabs/Level/Towers/Cheese Converter.prefab using Guid(f4618fa0a59563c4ebc3eccb1b2f18dd) Importer(815301076,1909f56bfc062723c751e8b465ee728b)  -> (artifact id: '56577f1481a1292cccaad115e153e125') in 0.108958 seconds 
  Import took 0.129251 seconds .

========================================================================
Received Import Request.
  Time since last request: 20.701291 seconds.
  path: Assets/Resources/Prefabs/Level/Towers/Catapult.prefab
  artifactKey: Guid(3a675f07ddbca4749902fe2388ecb665) Importer(815301076,1909f56bfc062723c751e8b465ee728b)
Start importing Assets/Resources/Prefabs/Level/Towers/Catapult.prefab using Guid(3a675f07ddbca4749902fe2388ecb665) Importer(815301076,1909f56bfc062723c751e8b465ee728b)  -> (artifact id: 'a1edf649a0805d254a2294d647fcf152') in 0.036553 seconds 
  Import took 0.040536 seconds .

========================================================================
Received Import Request.
  Time since last request: 1.169609 seconds.
  path: Assets/Resources/Prefabs/Level/Towers/Catapult.prefab
  artifactKey: Guid(3a675f07ddbca4749902fe2388ecb665) Importer(815301076,1909f56bfc062723c751e8b465ee728b)
Start importing Assets/Resources/Prefabs/Level/Towers/Catapult.prefab using Guid(3a675f07ddbca4749902fe2388ecb665) Importer(815301076,1909f56bfc062723c751e8b465ee728b)  -> (artifact id: 'd0ba97e824b54d4db4cc9b17276802b4') in 0.040631 seconds 
  Import took 0.044711 seconds .

========================================================================
Received Import Request.
  Time since last request: 10.039012 seconds.
  path: Assets/Resources/Prefabs/Level/Towers/Catapult.prefab
  artifactKey: Guid(3a675f07ddbca4749902fe2388ecb665) Importer(815301076,1909f56bfc062723c751e8b465ee728b)
Start importing Assets/Resources/Prefabs/Level/Towers/Catapult.prefab using Guid(3a675f07ddbca4749902fe2388ecb665) Importer(815301076,1909f56bfc062723c751e8b465ee728b)  -> (artifact id: 'e926b21825b34f6b72bc098812bbd3fa') in 0.036029 seconds 
  Import took 0.039771 seconds .

========================================================================
Received Import Request.
  Time since last request: 5.207158 seconds.
  path: Assets/Resources/Prefabs/Level/Towers/Catapult.prefab
  artifactKey: Guid(3a675f07ddbca4749902fe2388ecb665) Importer(815301076,1909f56bfc062723c751e8b465ee728b)
Start importing Assets/Resources/Prefabs/Level/Towers/Catapult.prefab using Guid(3a675f07ddbca4749902fe2388ecb665) Importer(815301076,1909f56bfc062723c751e8b465ee728b)  -> (artifact id: 'befd7b420b7bbea21b2640cf09c0a489') in 0.041128 seconds 
  Import took 0.044931 seconds .

========================================================================
Received Import Request.
  Time since last request: 4.225434 seconds.
  path: Assets/Resources/Prefabs/Level/Towers/Catapult.prefab
  artifactKey: Guid(3a675f07ddbca4749902fe2388ecb665) Importer(815301076,1909f56bfc062723c751e8b465ee728b)
Start importing Assets/Resources/Prefabs/Level/Towers/Catapult.prefab using Guid(3a675f07ddbca4749902fe2388ecb665) Importer(815301076,1909f56bfc062723c751e8b465ee728b)  -> (artifact id: 'd7fd7b9e055beb17648d318eef732182') in 0.035077 seconds 
  Import took 0.060931 seconds .

========================================================================
Received Import Request.
  Time since last request: 8.400369 seconds.
  path: Assets/Resources/Prefabs/Level/Towers/Catapult.prefab
  artifactKey: Guid(3a675f07ddbca4749902fe2388ecb665) Importer(815301076,1909f56bfc062723c751e8b465ee728b)
Start importing Assets/Resources/Prefabs/Level/Towers/Catapult.prefab using Guid(3a675f07ddbca4749902fe2388ecb665) Importer(815301076,1909f56bfc062723c751e8b465ee728b)  -> (artifact id: '15815483f4d5281693e0b752d3d82339') in 0.034217 seconds 
  Import took 0.341361 seconds .

========================================================================
Received Import Request.
  Time since last request: 528.678709 seconds.
  path: Assets/Resources/Sprites/Projectiles/rock.png
  artifactKey: Guid(2b705a6a5984f3546a497fc595c4f7ae) Importer(815301076,1909f56bfc062723c751e8b465ee728b)
Start importing Assets/Resources/Sprites/Projectiles/rock.png using Guid(2b705a6a5984f3546a497fc595c4f7ae) Importer(815301076,1909f56bfc062723c751e8b465ee728b)  -> (artifact id: 'f01f90a7962da44149c5324d4ca72f90') in 0.048046 seconds 
  Import took 0.051950 seconds .

========================================================================
Received Import Request.
  Time since last request: 25.791244 seconds.
  path: Assets/Resources/Prefabs/Level/Projectiles/Heavy.prefab
  artifactKey: Guid(d0fafd99fe5997a4584896bafc23c5fe) Importer(815301076,1909f56bfc062723c751e8b465ee728b)
Start importing Assets/Resources/Prefabs/Level/Projectiles/Heavy.prefab using Guid(d0fafd99fe5997a4584896bafc23c5fe) Importer(815301076,1909f56bfc062723c751e8b465ee728b)  -> (artifact id: 'a1d0a33bb1ac0f81bb83513cf219d48b') in 0.061398 seconds 
  Import took 0.065234 seconds .

========================================================================
Received Import Request.
  Time since last request: 4.248613 seconds.
  path: Assets/Resources/Sprites/Projectiles/rock.png
  artifactKey: Guid(2b705a6a5984f3546a497fc595c4f7ae) Importer(815301076,1909f56bfc062723c751e8b465ee728b)
Start importing Assets/Resources/Sprites/Projectiles/rock.png using Guid(2b705a6a5984f3546a497fc595c4f7ae) Importer(815301076,1909f56bfc062723c751e8b465ee728b)  -> (artifact id: '7f34e521e025e37c052351f7ddb2a06f') in 0.039734 seconds 
  Import took 0.043591 seconds .

========================================================================
Received Import Request.
  Time since last request: 17.961376 seconds.
  path: Assets/Resources/Prefabs/Level/Projectiles/Heavy.prefab
  artifactKey: Guid(d0fafd99fe5997a4584896bafc23c5fe) Importer(815301076,1909f56bfc062723c751e8b465ee728b)
Start importing Assets/Resources/Prefabs/Level/Projectiles/Heavy.prefab using Guid(d0fafd99fe5997a4584896bafc23c5fe) Importer(815301076,1909f56bfc062723c751e8b465ee728b)  -> (artifact id: '557e715b967d99695652540eebb5568b') in 0.034230 seconds 
  Import took 0.037980 seconds .

========================================================================
Received Import Request.
  Time since last request: 24.748476 seconds.
  path: Assets/Animations/HeavyProjectile
  artifactKey: Guid(b744f9c3c90897b409954530f07c172b) Importer(815301076,1909f56bfc062723c751e8b465ee728b)
Start importing Assets/Animations/HeavyProjectile using Guid(b744f9c3c90897b409954530f07c172b) Importer(815301076,1909f56bfc062723c751e8b465ee728b)  -> (artifact id: '8a1d828c118d1b806c431a0e0fdf4a99') in 0.200777 seconds 
  Import took 0.204454 seconds .

========================================================================
Received Import Request.
  Time since last request: 5.610490 seconds.
  path: Assets/Animations/Enemy
  artifactKey: Guid(48791efbe3556f64ba28f691eb51e5fd) Importer(815301076,1909f56bfc062723c751e8b465ee728b)
Start importing Assets/Animations/Enemy using Guid(48791efbe3556f64ba28f691eb51e5fd) Importer(815301076,1909f56bfc062723c751e8b465ee728b)  -> (artifact id: '32627e1bd9e939e7aab0168ad1dbc412') in 0.025759 seconds 
  Import took 0.029425 seconds .

========================================================================
Received Import Request.
  Time since last request: 23.886420 seconds.
  path: Assets/Animations/HeavyProjectile/HeavyProjectile.controller
  artifactKey: Guid(5e7c2a167c6f4e74084e46b093664100) Importer(815301076,1909f56bfc062723c751e8b465ee728b)
Start importing Assets/Animations/HeavyProjectile/HeavyProjectile.controller using Guid(5e7c2a167c6f4e74084e46b093664100) Importer(815301076,1909f56bfc062723c751e8b465ee728b)  -> (artifact id: 'a7f20d3d7c3ae36690b5717db746df56') in 0.063214 seconds 
  Import took 0.066863 seconds .

========================================================================
Received Import Request.
  Time since last request: 257.768731 seconds.
  path: Assets/Animations/HeavyProjectile/HeavyProjectile.controller
  artifactKey: Guid(5e7c2a167c6f4e74084e46b093664100) Importer(815301076,1909f56bfc062723c751e8b465ee728b)
Start importing Assets/Animations/HeavyProjectile/HeavyProjectile.controller using Guid(5e7c2a167c6f4e74084e46b093664100) Importer(815301076,1909f56bfc062723c751e8b465ee728b)  -> (artifact id: '7d6e953db70411fe5be23d66c262d20a') in 0.031179 seconds 
  Import took 0.054956 seconds .

========================================================================
Received Import Request.
  Time since last request: 7.684742 seconds.
  path: Assets/Animations/HeavyProjectile/Rotation.anim
  artifactKey: Guid(13c495622a395a04b9e16522b7867a0d) Importer(815301076,1909f56bfc062723c751e8b465ee728b)
Start importing Assets/Animations/HeavyProjectile/Rotation.anim using Guid(13c495622a395a04b9e16522b7867a0d) Importer(815301076,1909f56bfc062723c751e8b465ee728b)  -> (artifact id: 'ef4af6688d1041d70b74116b0b26e993') in 0.028628 seconds 
  Import took 0.032222 seconds .

========================================================================
Received Import Request.
  Time since last request: 38.432580 seconds.
  path: Assets/Resources/Prefabs/Level/Projectiles/Heavy.prefab
  artifactKey: Guid(d0fafd99fe5997a4584896bafc23c5fe) Importer(815301076,1909f56bfc062723c751e8b465ee728b)
Start importing Assets/Resources/Prefabs/Level/Projectiles/Heavy.prefab using Guid(d0fafd99fe5997a4584896bafc23c5fe) Importer(815301076,1909f56bfc062723c751e8b465ee728b)  -> (artifact id: 'a21f0183f2d82e7cfb578ebf9b9fb341') in 0.037024 seconds 
  Import took 0.040995 seconds .

========================================================================
Received Prepare
Registering precompiled user dll's ...
Registered in 0.003587 seconds.
Begin MonoManager ReloadAssembly
Native extension for WindowsStandalone target not found
Refreshing native plugins compatible for Editor in 0.50 ms, found 3 plugins.
Preloading 0 native plugins for Editor in 0.00 ms.
Mono: successfully reloaded assembly
- Completed reload, in  1.081 seconds
Domain Reload Profiling:
	ReloadAssembly (1081ms)
		BeginReloadAssembly (133ms)
			ExecutionOrderSort (0ms)
			DisableScriptedObjects (6ms)
			BackupInstance (0ms)
			ReleaseScriptingObjects (0ms)
			CreateAndSetChildDomain (34ms)
		EndReloadAssembly (883ms)
			LoadAssemblies (113ms)
			RebuildTransferFunctionScriptingTraits (0ms)
			SetupTypeCache (312ms)
			ReleaseScriptCaches (1ms)
			RebuildScriptCaches (41ms)
			SetupLoadedEditorAssemblies (321ms)
				LogAssemblyErrors (0ms)
				InitializePlatformSupportModulesInManaged (4ms)
				SetLoadedEditorAssemblies (0ms)
				RefreshPlugins (1ms)
				BeforeProcessingInitializeOnLoad (76ms)
				ProcessInitializeOnLoadAttributes (224ms)
				ProcessInitializeOnLoadMethodAttributes (10ms)
				AfterProcessingInitializeOnLoad (6ms)
				EditorAssembliesLoaded (0ms)
			ExecutionOrderSort2 (0ms)
			AwakeInstancesAfterBackupRestoration (9ms)
Platform modules already initialized, skipping
Refreshing native plugins compatible for Editor in 0.50 ms, found 3 plugins.
Preloading 0 native plugins for Editor in 0.00 ms.
Unloading 2719 Unused Serialized files (Serialized files now loaded: 0)
System memory in use before: 116.1 MB.
System memory in use after: 116.3 MB.

Unloading 17 unused Assets to reduce memory usage. Loaded Objects now: 3206.
Total: 3.231300 ms (FindLiveObjects: 0.232600 ms CreateObjectMapping: 0.066300 ms MarkObjects: 2.916300 ms  DeleteObjects: 0.015100 ms)

AssetImportParameters requested are different than current active one (requested -> active):
  custom:framework-win-MediaFoundation: 216162199b28c13a410421893ffa2e32 -> 
  custom:video-decoder-ogg-theora: a1e56fd34408186e4bbccfd4996cb3dc -> 
  custom:container-muxer-webm: aa71ff27fc2769a1b78a27578f13a17b -> 
  custom:container-demuxer-webm: 4f35f7cbe854078d1ac9338744f61a02 -> 
  custom:container-demuxer-ogg: 62fdf1f143b41e24485cea50d1cbac27 -> 
  custom:video-encoder-webm-vp8: eb34c28f22e8b96e1ab97ce403110664 -> 
  custom:video-decoder-webm-vp8: 9c59270c3fd7afecdb556c50c9e8de78 -> 
  custom:audio-decoder-ogg-vorbis: bf7c407c2cedff20999df2af8eb42d56 -> 
  custom:audio-encoder-webm-vorbis: bf7c407c2cedff20999df2af8eb42d56 -> 
========================================================================
Received Import Request.
  Time since last request: 85.894812 seconds.
  path: Assets/Resources/Prefabs/Level/Projectiles/Heavy.prefab
  artifactKey: Guid(d0fafd99fe5997a4584896bafc23c5fe) Importer(815301076,1909f56bfc062723c751e8b465ee728b)
Start importing Assets/Resources/Prefabs/Level/Projectiles/Heavy.prefab using Guid(d0fafd99fe5997a4584896bafc23c5fe) Importer(815301076,1909f56bfc062723c751e8b465ee728b)  -> (artifact id: 'a9936e880b06fa5a9d9c5bd311502845') in 0.076896 seconds 
  Import took 0.102324 seconds .

========================================================================
Received Prepare
Registering precompiled user dll's ...
Registered in 0.003366 seconds.
Begin MonoManager ReloadAssembly
Native extension for WindowsStandalone target not found
Refreshing native plugins compatible for Editor in 0.50 ms, found 3 plugins.
Preloading 0 native plugins for Editor in 0.00 ms.
Mono: successfully reloaded assembly
- Completed reload, in  1.064 seconds
Domain Reload Profiling:
	ReloadAssembly (1065ms)
		BeginReloadAssembly (141ms)
			ExecutionOrderSort (0ms)
			DisableScriptedObjects (6ms)
			BackupInstance (0ms)
			ReleaseScriptingObjects (0ms)
			CreateAndSetChildDomain (35ms)
		EndReloadAssembly (860ms)
			LoadAssemblies (114ms)
			RebuildTransferFunctionScriptingTraits (0ms)
			SetupTypeCache (304ms)
			ReleaseScriptCaches (1ms)
			RebuildScriptCaches (41ms)
			SetupLoadedEditorAssemblies (312ms)
				LogAssemblyErrors (0ms)
				InitializePlatformSupportModulesInManaged (4ms)
				SetLoadedEditorAssemblies (0ms)
				RefreshPlugins (1ms)
				BeforeProcessingInitializeOnLoad (75ms)
				ProcessInitializeOnLoadAttributes (216ms)
				ProcessInitializeOnLoadMethodAttributes (10ms)
				AfterProcessingInitializeOnLoad (6ms)
				EditorAssembliesLoaded (0ms)
			ExecutionOrderSort2 (0ms)
			AwakeInstancesAfterBackupRestoration (9ms)
Platform modules already initialized, skipping
Refreshing native plugins compatible for Editor in 0.52 ms, found 3 plugins.
Preloading 0 native plugins for Editor in 0.00 ms.
Unloading 2719 Unused Serialized files (Serialized files now loaded: 0)
System memory in use before: 116.1 MB.
System memory in use after: 116.4 MB.

Unloading 17 unused Assets to reduce memory usage. Loaded Objects now: 3209.
Total: 3.319900 ms (FindLiveObjects: 0.257700 ms CreateObjectMapping: 0.063600 ms MarkObjects: 2.981300 ms  DeleteObjects: 0.015900 ms)

AssetImportParameters requested are different than current active one (requested -> active):
  custom:framework-win-MediaFoundation: 216162199b28c13a410421893ffa2e32 -> 
  custom:video-decoder-ogg-theora: a1e56fd34408186e4bbccfd4996cb3dc -> 
  custom:container-muxer-webm: aa71ff27fc2769a1b78a27578f13a17b -> 
  custom:container-demuxer-webm: 4f35f7cbe854078d1ac9338744f61a02 -> 
  custom:container-demuxer-ogg: 62fdf1f143b41e24485cea50d1cbac27 -> 
  custom:video-encoder-webm-vp8: eb34c28f22e8b96e1ab97ce403110664 -> 
  custom:video-decoder-webm-vp8: 9c59270c3fd7afecdb556c50c9e8de78 -> 
  custom:audio-decoder-ogg-vorbis: bf7c407c2cedff20999df2af8eb42d56 -> 
  custom:audio-encoder-webm-vorbis: bf7c407c2cedff20999df2af8eb42d56 -> 
========================================================================
Received Import Request.
  Time since last request: 14.975908 seconds.
  path: Assets/Resources/Prefabs/Level/Projectiles/Heavy.prefab
  artifactKey: Guid(d0fafd99fe5997a4584896bafc23c5fe) Importer(815301076,1909f56bfc062723c751e8b465ee728b)
Start importing Assets/Resources/Prefabs/Level/Projectiles/Heavy.prefab using Guid(d0fafd99fe5997a4584896bafc23c5fe) Importer(815301076,1909f56bfc062723c751e8b465ee728b)  -> (artifact id: '75a94b7f9b7fa5e75d62c86eeed9a32e') in 0.083341 seconds 
  Import took 0.087256 seconds .

========================================================================
Received Import Request.
  Time since last request: 1.252203 seconds.
  path: Assets/Resources/Prefabs/Level/Projectiles/Heavy.prefab
  artifactKey: Guid(d0fafd99fe5997a4584896bafc23c5fe) Importer(815301076,1909f56bfc062723c751e8b465ee728b)
Start importing Assets/Resources/Prefabs/Level/Projectiles/Heavy.prefab using Guid(d0fafd99fe5997a4584896bafc23c5fe) Importer(815301076,1909f56bfc062723c751e8b465ee728b)  -> (artifact id: '7816b7b2edefbdfd35b87efba241f647') in 0.048596 seconds 
  Import took 0.052359 seconds .

========================================================================
Received Import Request.
  Time since last request: 13.298849 seconds.
  path: Assets/Resources/Prefabs/Level/Projectiles/Heavy.prefab
  artifactKey: Guid(d0fafd99fe5997a4584896bafc23c5fe) Importer(815301076,1909f56bfc062723c751e8b465ee728b)
Start importing Assets/Resources/Prefabs/Level/Projectiles/Heavy.prefab using Guid(d0fafd99fe5997a4584896bafc23c5fe) Importer(815301076,1909f56bfc062723c751e8b465ee728b)  -> (artifact id: '5522ffe705eb1ebded4db5cf9b5c0602') in 0.061180 seconds 
  Import took 0.071245 seconds .

========================================================================
Received Prepare
Registering precompiled user dll's ...
Registered in 0.003332 seconds.
Begin MonoManager ReloadAssembly
Native extension for WindowsStandalone target not found
Refreshing native plugins compatible for Editor in 0.50 ms, found 3 plugins.
Preloading 0 native plugins for Editor in 0.00 ms.
Mono: successfully reloaded assembly
- Completed reload, in  1.047 seconds
Domain Reload Profiling:
	ReloadAssembly (1047ms)
		BeginReloadAssembly (133ms)
			ExecutionOrderSort (0ms)
			DisableScriptedObjects (6ms)
			BackupInstance (0ms)
			ReleaseScriptingObjects (0ms)
			CreateAndSetChildDomain (32ms)
		EndReloadAssembly (851ms)
			LoadAssemblies (111ms)
			RebuildTransferFunctionScriptingTraits (0ms)
			SetupTypeCache (297ms)
			ReleaseScriptCaches (1ms)
			RebuildScriptCaches (40ms)
			SetupLoadedEditorAssemblies (312ms)
				LogAssemblyErrors (0ms)
				InitializePlatformSupportModulesInManaged (4ms)
				SetLoadedEditorAssemblies (0ms)
				RefreshPlugins (1ms)
				BeforeProcessingInitializeOnLoad (75ms)
				ProcessInitializeOnLoadAttributes (216ms)
				ProcessInitializeOnLoadMethodAttributes (11ms)
				AfterProcessingInitializeOnLoad (6ms)
				EditorAssembliesLoaded (0ms)
			ExecutionOrderSort2 (0ms)
			AwakeInstancesAfterBackupRestoration (9ms)
Platform modules already initialized, skipping
Refreshing native plugins compatible for Editor in 0.51 ms, found 3 plugins.
Preloading 0 native plugins for Editor in 0.00 ms.
Unloading 2719 Unused Serialized files (Serialized files now loaded: 0)
System memory in use before: 116.1 MB.
System memory in use after: 116.4 MB.

Unloading 17 unused Assets to reduce memory usage. Loaded Objects now: 3212.
Total: 3.436800 ms (FindLiveObjects: 0.238500 ms CreateObjectMapping: 0.062900 ms MarkObjects: 3.114700 ms  DeleteObjects: 0.019300 ms)

AssetImportParameters requested are different than current active one (requested -> active):
  custom:framework-win-MediaFoundation: 216162199b28c13a410421893ffa2e32 -> 
  custom:video-decoder-ogg-theora: a1e56fd34408186e4bbccfd4996cb3dc -> 
  custom:container-muxer-webm: aa71ff27fc2769a1b78a27578f13a17b -> 
  custom:container-demuxer-webm: 4f35f7cbe854078d1ac9338744f61a02 -> 
  custom:container-demuxer-ogg: 62fdf1f143b41e24485cea50d1cbac27 -> 
  custom:video-encoder-webm-vp8: eb34c28f22e8b96e1ab97ce403110664 -> 
  custom:video-decoder-webm-vp8: 9c59270c3fd7afecdb556c50c9e8de78 -> 
  custom:audio-decoder-ogg-vorbis: bf7c407c2cedff20999df2af8eb42d56 -> 
  custom:audio-encoder-webm-vorbis: bf7c407c2cedff20999df2af8eb42d56 -> 
========================================================================
Received Import Request.
  Time since last request: 211.209396 seconds.
  path: Assets/Editor/LevelConfigGUI.cs
  artifactKey: Guid(4fb7f083ff25c4647822a8047262623b) Importer(815301076,1909f56bfc062723c751e8b465ee728b)
Start importing Assets/Editor/LevelConfigGUI.cs using Guid(4fb7f083ff25c4647822a8047262623b) Importer(815301076,1909f56bfc062723c751e8b465ee728b)  -> (artifact id: 'b8361aa41dc8c10ff9fc9f7b9fb89aae') in 0.038269 seconds 
  Import took 0.042535 seconds .

========================================================================
Received Import Request.
  Time since last request: 598.328142 seconds.
  path: Assets/Editor/LevelConfigGUI.cs
  artifactKey: Guid(4fb7f083ff25c4647822a8047262623b) Importer(815301076,1909f56bfc062723c751e8b465ee728b)
Start importing Assets/Editor/LevelConfigGUI.cs using Guid(4fb7f083ff25c4647822a8047262623b) Importer(815301076,1909f56bfc062723c751e8b465ee728b)  -> (artifact id: 'f78b7f3132ffdc71b2219ca7c8d88ad5') in 0.035971 seconds 
  Import took 0.039832 seconds .

========================================================================
Received Prepare
Registering precompiled user dll's ...
Registered in 0.003331 seconds.
Begin MonoManager ReloadAssembly
Native extension for WindowsStandalone target not found
Refreshing native plugins compatible for Editor in 0.51 ms, found 3 plugins.
Preloading 0 native plugins for Editor in 0.00 ms.
Mono: successfully reloaded assembly
- Completed reload, in  1.038 seconds
Domain Reload Profiling:
	ReloadAssembly (1039ms)
		BeginReloadAssembly (123ms)
			ExecutionOrderSort (0ms)
			DisableScriptedObjects (6ms)
			BackupInstance (0ms)
			ReleaseScriptingObjects (0ms)
			CreateAndSetChildDomain (31ms)
		EndReloadAssembly (851ms)
			LoadAssemblies (111ms)
			RebuildTransferFunctionScriptingTraits (0ms)
			SetupTypeCache (296ms)
			ReleaseScriptCaches (1ms)
			RebuildScriptCaches (40ms)
			SetupLoadedEditorAssemblies (314ms)
				LogAssemblyErrors (0ms)
				InitializePlatformSupportModulesInManaged (4ms)
				SetLoadedEditorAssemblies (0ms)
				RefreshPlugins (1ms)
				BeforeProcessingInitializeOnLoad (75ms)
				ProcessInitializeOnLoadAttributes (218ms)
				ProcessInitializeOnLoadMethodAttributes (10ms)
				AfterProcessingInitializeOnLoad (6ms)
				EditorAssembliesLoaded (0ms)
			ExecutionOrderSort2 (0ms)
			AwakeInstancesAfterBackupRestoration (9ms)
Platform modules already initialized, skipping
Refreshing native plugins compatible for Editor in 0.51 ms, found 3 plugins.
Preloading 0 native plugins for Editor in 0.00 ms.
Unloading 2719 Unused Serialized files (Serialized files now loaded: 0)
System memory in use before: 116.2 MB.
System memory in use after: 116.4 MB.

Unloading 17 unused Assets to reduce memory usage. Loaded Objects now: 3214.
Total: 3.264700 ms (FindLiveObjects: 0.242500 ms CreateObjectMapping: 0.064800 ms MarkObjects: 2.940300 ms  DeleteObjects: 0.015700 ms)

AssetImportParameters requested are different than current active one (requested -> active):
  custom:framework-win-MediaFoundation: 216162199b28c13a410421893ffa2e32 -> 
  custom:video-decoder-ogg-theora: a1e56fd34408186e4bbccfd4996cb3dc -> 
  custom:container-muxer-webm: aa71ff27fc2769a1b78a27578f13a17b -> 
  custom:container-demuxer-webm: 4f35f7cbe854078d1ac9338744f61a02 -> 
  custom:container-demuxer-ogg: 62fdf1f143b41e24485cea50d1cbac27 -> 
  custom:video-encoder-webm-vp8: eb34c28f22e8b96e1ab97ce403110664 -> 
  custom:video-decoder-webm-vp8: 9c59270c3fd7afecdb556c50c9e8de78 -> 
  custom:audio-decoder-ogg-vorbis: bf7c407c2cedff20999df2af8eb42d56 -> 
  custom:audio-encoder-webm-vorbis: bf7c407c2cedff20999df2af8eb42d56 -> 
========================================================================
Received Import Request.
  Time since last request: 165.819622 seconds.
  path: Assets/Editor/LevelConfigGUI.cs
  artifactKey: Guid(4fb7f083ff25c4647822a8047262623b) Importer(815301076,1909f56bfc062723c751e8b465ee728b)
Start importing Assets/Editor/LevelConfigGUI.cs using Guid(4fb7f083ff25c4647822a8047262623b) Importer(815301076,1909f56bfc062723c751e8b465ee728b)  -> (artifact id: '7db62730990cb92133cb1854bf283894') in 0.030321 seconds 
  Import took 0.034237 seconds .

========================================================================
Received Prepare
Registering precompiled user dll's ...
Registered in 0.003936 seconds.
Begin MonoManager ReloadAssembly
Native extension for WindowsStandalone target not found
Refreshing native plugins compatible for Editor in 0.50 ms, found 3 plugins.
Preloading 0 native plugins for Editor in 0.00 ms.
Mono: successfully reloaded assembly
- Completed reload, in  1.075 seconds
Domain Reload Profiling:
	ReloadAssembly (1075ms)
		BeginReloadAssembly (130ms)
			ExecutionOrderSort (0ms)
			DisableScriptedObjects (6ms)
			BackupInstance (0ms)
			ReleaseScriptingObjects (0ms)
			CreateAndSetChildDomain (31ms)
		EndReloadAssembly (881ms)
			LoadAssemblies (118ms)
			RebuildTransferFunctionScriptingTraits (0ms)
			SetupTypeCache (306ms)
			ReleaseScriptCaches (1ms)
			RebuildScriptCaches (42ms)
			SetupLoadedEditorAssemblies (326ms)
				LogAssemblyErrors (0ms)
				InitializePlatformSupportModulesInManaged (4ms)
				SetLoadedEditorAssemblies (0ms)
				RefreshPlugins (1ms)
				BeforeProcessingInitializeOnLoad (76ms)
				ProcessInitializeOnLoadAttributes (228ms)
				ProcessInitializeOnLoadMethodAttributes (10ms)
				AfterProcessingInitializeOnLoad (6ms)
				EditorAssembliesLoaded (0ms)
			ExecutionOrderSort2 (0ms)
			AwakeInstancesAfterBackupRestoration (9ms)
Platform modules already initialized, skipping
Refreshing native plugins compatible for Editor in 0.50 ms, found 3 plugins.
Preloading 0 native plugins for Editor in 0.00 ms.
Unloading 2719 Unused Serialized files (Serialized files now loaded: 0)
System memory in use before: 116.2 MB.
System memory in use after: 116.4 MB.

Unloading 17 unused Assets to reduce memory usage. Loaded Objects now: 3216.
Total: 3.255300 ms (FindLiveObjects: 0.232000 ms CreateObjectMapping: 0.064500 ms MarkObjects: 2.940800 ms  DeleteObjects: 0.017000 ms)

AssetImportParameters requested are different than current active one (requested -> active):
  custom:framework-win-MediaFoundation: 216162199b28c13a410421893ffa2e32 -> 
  custom:video-decoder-ogg-theora: a1e56fd34408186e4bbccfd4996cb3dc -> 
  custom:container-muxer-webm: aa71ff27fc2769a1b78a27578f13a17b -> 
  custom:container-demuxer-webm: 4f35f7cbe854078d1ac9338744f61a02 -> 
  custom:container-demuxer-ogg: 62fdf1f143b41e24485cea50d1cbac27 -> 
  custom:video-encoder-webm-vp8: eb34c28f22e8b96e1ab97ce403110664 -> 
  custom:video-decoder-webm-vp8: 9c59270c3fd7afecdb556c50c9e8de78 -> 
  custom:audio-decoder-ogg-vorbis: bf7c407c2cedff20999df2af8eb42d56 -> 
  custom:audio-encoder-webm-vorbis: bf7c407c2cedff20999df2af8eb42d56 -> 
========================================================================
Received Prepare
Registering precompiled user dll's ...
Registered in 0.003429 seconds.
Begin MonoManager ReloadAssembly
Native extension for WindowsStandalone target not found
Refreshing native plugins compatible for Editor in 0.59 ms, found 3 plugins.
Preloading 0 native plugins for Editor in 0.00 ms.
Mono: successfully reloaded assembly
- Completed reload, in  1.060 seconds
Domain Reload Profiling:
	ReloadAssembly (1060ms)
		BeginReloadAssembly (131ms)
			ExecutionOrderSort (0ms)
			DisableScriptedObjects (6ms)
			BackupInstance (0ms)
			ReleaseScriptingObjects (0ms)
			CreateAndSetChildDomain (30ms)
		EndReloadAssembly (863ms)
			LoadAssemblies (111ms)
			RebuildTransferFunctionScriptingTraits (0ms)
			SetupTypeCache (298ms)
			ReleaseScriptCaches (1ms)
			RebuildScriptCaches (41ms)
			SetupLoadedEditorAssemblies (323ms)
				LogAssemblyErrors (0ms)
				InitializePlatformSupportModulesInManaged (4ms)
				SetLoadedEditorAssemblies (0ms)
				RefreshPlugins (1ms)
				BeforeProcessingInitializeOnLoad (77ms)
				ProcessInitializeOnLoadAttributes (224ms)
				ProcessInitializeOnLoadMethodAttributes (10ms)
				AfterProcessingInitializeOnLoad (6ms)
				EditorAssembliesLoaded (0ms)
			ExecutionOrderSort2 (0ms)
			AwakeInstancesAfterBackupRestoration (9ms)
Platform modules already initialized, skipping
Refreshing native plugins compatible for Editor in 0.51 ms, found 3 plugins.
Preloading 0 native plugins for Editor in 0.00 ms.
Unloading 2719 Unused Serialized files (Serialized files now loaded: 0)
System memory in use before: 116.2 MB.
System memory in use after: 116.4 MB.

Unloading 17 unused Assets to reduce memory usage. Loaded Objects now: 3218.
Total: 3.290900 ms (FindLiveObjects: 0.243700 ms CreateObjectMapping: 0.066000 ms MarkObjects: 2.964200 ms  DeleteObjects: 0.015900 ms)

AssetImportParameters requested are different than current active one (requested -> active):
  custom:framework-win-MediaFoundation: 216162199b28c13a410421893ffa2e32 -> 
  custom:video-decoder-ogg-theora: a1e56fd34408186e4bbccfd4996cb3dc -> 
  custom:container-muxer-webm: aa71ff27fc2769a1b78a27578f13a17b -> 
  custom:container-demuxer-webm: 4f35f7cbe854078d1ac9338744f61a02 -> 
  custom:container-demuxer-ogg: 62fdf1f143b41e24485cea50d1cbac27 -> 
  custom:video-encoder-webm-vp8: eb34c28f22e8b96e1ab97ce403110664 -> 
  custom:video-decoder-webm-vp8: 9c59270c3fd7afecdb556c50c9e8de78 -> 
  custom:audio-decoder-ogg-vorbis: bf7c407c2cedff20999df2af8eb42d56 -> 
  custom:audio-encoder-webm-vorbis: bf7c407c2cedff20999df2af8eb42d56 -> 
========================================================================
Received Prepare
Registering precompiled user dll's ...
Registered in 0.003349 seconds.
Begin MonoManager ReloadAssembly
Native extension for WindowsStandalone target not found
Refreshing native plugins compatible for Editor in 0.58 ms, found 3 plugins.
Preloading 0 native plugins for Editor in 0.00 ms.
Mono: successfully reloaded assembly
- Completed reload, in  1.054 seconds
Domain Reload Profiling:
	ReloadAssembly (1054ms)
		BeginReloadAssembly (128ms)
			ExecutionOrderSort (0ms)
			DisableScriptedObjects (6ms)
			BackupInstance (0ms)
			ReleaseScriptingObjects (0ms)
			CreateAndSetChildDomain (30ms)
		EndReloadAssembly (862ms)
			LoadAssemblies (113ms)
			RebuildTransferFunctionScriptingTraits (0ms)
			SetupTypeCache (296ms)
			ReleaseScriptCaches (1ms)
			RebuildScriptCaches (42ms)
			SetupLoadedEditorAssemblies (322ms)
				LogAssemblyErrors (0ms)
				InitializePlatformSupportModulesInManaged (4ms)
				SetLoadedEditorAssemblies (0ms)
				RefreshPlugins (1ms)
				BeforeProcessingInitializeOnLoad (74ms)
				ProcessInitializeOnLoadAttributes (225ms)
				ProcessInitializeOnLoadMethodAttributes (11ms)
				AfterProcessingInitializeOnLoad (6ms)
				EditorAssembliesLoaded (0ms)
			ExecutionOrderSort2 (0ms)
			AwakeInstancesAfterBackupRestoration (10ms)
Platform modules already initialized, skipping
Refreshing native plugins compatible for Editor in 0.50 ms, found 3 plugins.
Preloading 0 native plugins for Editor in 0.00 ms.
Unloading 2719 Unused Serialized files (Serialized files now loaded: 0)
System memory in use before: 116.2 MB.
System memory in use after: 116.4 MB.

Unloading 17 unused Assets to reduce memory usage. Loaded Objects now: 3220.
Total: 3.544200 ms (FindLiveObjects: 0.246000 ms CreateObjectMapping: 0.065900 ms MarkObjects: 3.210600 ms  DeleteObjects: 0.020200 ms)

AssetImportParameters requested are different than current active one (requested -> active):
  custom:framework-win-MediaFoundation: 216162199b28c13a410421893ffa2e32 -> 
  custom:video-decoder-ogg-theora: a1e56fd34408186e4bbccfd4996cb3dc -> 
  custom:container-muxer-webm: aa71ff27fc2769a1b78a27578f13a17b -> 
  custom:container-demuxer-webm: 4f35f7cbe854078d1ac9338744f61a02 -> 
  custom:container-demuxer-ogg: 62fdf1f143b41e24485cea50d1cbac27 -> 
  custom:video-encoder-webm-vp8: eb34c28f22e8b96e1ab97ce403110664 -> 
  custom:video-decoder-webm-vp8: 9c59270c3fd7afecdb556c50c9e8de78 -> 
  custom:audio-decoder-ogg-vorbis: bf7c407c2cedff20999df2af8eb42d56 -> 
  custom:audio-encoder-webm-vorbis: bf7c407c2cedff20999df2af8eb42d56 -> 
========================================================================
Received Prepare
Registering precompiled user dll's ...
Registered in 0.003374 seconds.
Begin MonoManager ReloadAssembly
Native extension for WindowsStandalone target not found
Refreshing native plugins compatible for Editor in 0.50 ms, found 3 plugins.
Preloading 0 native plugins for Editor in 0.00 ms.
Mono: successfully reloaded assembly
- Completed reload, in  1.061 seconds
Domain Reload Profiling:
	ReloadAssembly (1061ms)
		BeginReloadAssembly (137ms)
			ExecutionOrderSort (0ms)
			DisableScriptedObjects (6ms)
			BackupInstance (0ms)
			ReleaseScriptingObjects (0ms)
			CreateAndSetChildDomain (31ms)
		EndReloadAssembly (856ms)
			LoadAssemblies (118ms)
			RebuildTransferFunctionScriptingTraits (0ms)
			SetupTypeCache (297ms)
			ReleaseScriptCaches (1ms)
			RebuildScriptCaches (41ms)
			SetupLoadedEditorAssemblies (316ms)
				LogAssemblyErrors (0ms)
				InitializePlatformSupportModulesInManaged (4ms)
				SetLoadedEditorAssemblies (0ms)
				RefreshPlugins (1ms)
				BeforeProcessingInitializeOnLoad (75ms)
				ProcessInitializeOnLoadAttributes (220ms)
				ProcessInitializeOnLoadMethodAttributes (10ms)
				AfterProcessingInitializeOnLoad (6ms)
				EditorAssembliesLoaded (0ms)
			ExecutionOrderSort2 (0ms)
			AwakeInstancesAfterBackupRestoration (9ms)
Platform modules already initialized, skipping
Refreshing native plugins compatible for Editor in 0.58 ms, found 3 plugins.
Preloading 0 native plugins for Editor in 0.00 ms.
Unloading 2719 Unused Serialized files (Serialized files now loaded: 0)
System memory in use before: 116.2 MB.
System memory in use after: 116.4 MB.

Unloading 17 unused Assets to reduce memory usage. Loaded Objects now: 3222.
Total: 3.326300 ms (FindLiveObjects: 0.267500 ms CreateObjectMapping: 0.066000 ms MarkObjects: 2.976400 ms  DeleteObjects: 0.015300 ms)

AssetImportParameters requested are different than current active one (requested -> active):
  custom:framework-win-MediaFoundation: 216162199b28c13a410421893ffa2e32 -> 
  custom:video-decoder-ogg-theora: a1e56fd34408186e4bbccfd4996cb3dc -> 
  custom:container-muxer-webm: aa71ff27fc2769a1b78a27578f13a17b -> 
  custom:container-demuxer-webm: 4f35f7cbe854078d1ac9338744f61a02 -> 
  custom:container-demuxer-ogg: 62fdf1f143b41e24485cea50d1cbac27 -> 
  custom:video-encoder-webm-vp8: eb34c28f22e8b96e1ab97ce403110664 -> 
  custom:video-decoder-webm-vp8: 9c59270c3fd7afecdb556c50c9e8de78 -> 
  custom:audio-decoder-ogg-vorbis: bf7c407c2cedff20999df2af8eb42d56 -> 
  custom:audio-encoder-webm-vorbis: bf7c407c2cedff20999df2af8eb42d56 -> 
========================================================================
Received Prepare
Registering precompiled user dll's ...
Registered in 0.003454 seconds.
Begin MonoManager ReloadAssembly
Native extension for WindowsStandalone target not found
Refreshing native plugins compatible for Editor in 0.51 ms, found 3 plugins.
Preloading 0 native plugins for Editor in 0.00 ms.
Mono: successfully reloaded assembly
- Completed reload, in  1.087 seconds
Domain Reload Profiling:
	ReloadAssembly (1087ms)
		BeginReloadAssembly (144ms)
			ExecutionOrderSort (0ms)
			DisableScriptedObjects (7ms)
			BackupInstance (0ms)
			ReleaseScriptingObjects (0ms)
			CreateAndSetChildDomain (32ms)
		EndReloadAssembly (877ms)
			LoadAssemblies (115ms)
			RebuildTransferFunctionScriptingTraits (0ms)
			SetupTypeCache (307ms)
			ReleaseScriptCaches (1ms)
			RebuildScriptCaches (42ms)
			SetupLoadedEditorAssemblies (323ms)
				LogAssemblyErrors (0ms)
				InitializePlatformSupportModulesInManaged (4ms)
				SetLoadedEditorAssemblies (0ms)
				RefreshPlugins (1ms)
				BeforeProcessingInitializeOnLoad (76ms)
				ProcessInitializeOnLoadAttributes (224ms)
				ProcessInitializeOnLoadMethodAttributes (11ms)
				AfterProcessingInitializeOnLoad (6ms)
				EditorAssembliesLoaded (0ms)
			ExecutionOrderSort2 (0ms)
			AwakeInstancesAfterBackupRestoration (10ms)
Platform modules already initialized, skipping
Refreshing native plugins compatible for Editor in 0.64 ms, found 3 plugins.
Preloading 0 native plugins for Editor in 0.00 ms.
Unloading 2719 Unused Serialized files (Serialized files now loaded: 0)
System memory in use before: 116.2 MB.
System memory in use after: 116.4 MB.

Unloading 17 unused Assets to reduce memory usage. Loaded Objects now: 3224.
Total: 3.305500 ms (FindLiveObjects: 0.229200 ms CreateObjectMapping: 0.064200 ms MarkObjects: 2.995500 ms  DeleteObjects: 0.015300 ms)

AssetImportParameters requested are different than current active one (requested -> active):
  custom:framework-win-MediaFoundation: 216162199b28c13a410421893ffa2e32 -> 
  custom:video-decoder-ogg-theora: a1e56fd34408186e4bbccfd4996cb3dc -> 
  custom:container-muxer-webm: aa71ff27fc2769a1b78a27578f13a17b -> 
  custom:container-demuxer-webm: 4f35f7cbe854078d1ac9338744f61a02 -> 
  custom:container-demuxer-ogg: 62fdf1f143b41e24485cea50d1cbac27 -> 
  custom:video-encoder-webm-vp8: eb34c28f22e8b96e1ab97ce403110664 -> 
  custom:video-decoder-webm-vp8: 9c59270c3fd7afecdb556c50c9e8de78 -> 
  custom:audio-decoder-ogg-vorbis: bf7c407c2cedff20999df2af8eb42d56 -> 
  custom:audio-encoder-webm-vorbis: bf7c407c2cedff20999df2af8eb42d56 -> 
========================================================================
Received Prepare
Registering precompiled user dll's ...
Registered in 0.004148 seconds.
Begin MonoManager ReloadAssembly
Native extension for WindowsStandalone target not found
Refreshing native plugins compatible for Editor in 0.53 ms, found 3 plugins.
Preloading 0 native plugins for Editor in 0.00 ms.
Mono: successfully reloaded assembly
- Completed reload, in  1.191 seconds
Domain Reload Profiling:
	ReloadAssembly (1192ms)
		BeginReloadAssembly (138ms)
			ExecutionOrderSort (0ms)
			DisableScriptedObjects (7ms)
			BackupInstance (0ms)
			ReleaseScriptingObjects (0ms)
			CreateAndSetChildDomain (30ms)
		EndReloadAssembly (988ms)
			LoadAssemblies (113ms)
			RebuildTransferFunctionScriptingTraits (0ms)
			SetupTypeCache (327ms)
			ReleaseScriptCaches (1ms)
			RebuildScriptCaches (42ms)
			SetupLoadedEditorAssemblies (383ms)
				LogAssemblyErrors (0ms)
				InitializePlatformSupportModulesInManaged (4ms)
				SetLoadedEditorAssemblies (0ms)
				RefreshPlugins (1ms)
				BeforeProcessingInitializeOnLoad (131ms)
				ProcessInitializeOnLoadAttributes (228ms)
				ProcessInitializeOnLoadMethodAttributes (11ms)
				AfterProcessingInitializeOnLoad (6ms)
				EditorAssembliesLoaded (0ms)
			ExecutionOrderSort2 (0ms)
			AwakeInstancesAfterBackupRestoration (9ms)
Platform modules already initialized, skipping
Refreshing native plugins compatible for Editor in 0.53 ms, found 3 plugins.
Preloading 0 native plugins for Editor in 0.00 ms.
Unloading 2719 Unused Serialized files (Serialized files now loaded: 0)
System memory in use before: 116.2 MB.
System memory in use after: 116.4 MB.

Unloading 17 unused Assets to reduce memory usage. Loaded Objects now: 3226.
Total: 3.432700 ms (FindLiveObjects: 0.253400 ms CreateObjectMapping: 0.063400 ms MarkObjects: 3.096400 ms  DeleteObjects: 0.018200 ms)

AssetImportParameters requested are different than current active one (requested -> active):
  custom:framework-win-MediaFoundation: 216162199b28c13a410421893ffa2e32 -> 
  custom:video-decoder-ogg-theora: a1e56fd34408186e4bbccfd4996cb3dc -> 
  custom:container-muxer-webm: aa71ff27fc2769a1b78a27578f13a17b -> 
  custom:container-demuxer-webm: 4f35f7cbe854078d1ac9338744f61a02 -> 
  custom:container-demuxer-ogg: 62fdf1f143b41e24485cea50d1cbac27 -> 
  custom:video-encoder-webm-vp8: eb34c28f22e8b96e1ab97ce403110664 -> 
  custom:video-decoder-webm-vp8: 9c59270c3fd7afecdb556c50c9e8de78 -> 
  custom:audio-decoder-ogg-vorbis: bf7c407c2cedff20999df2af8eb42d56 -> 
  custom:audio-encoder-webm-vorbis: bf7c407c2cedff20999df2af8eb42d56 -> 
AssetImportWorkerClient::OnTransportError - code=2 error=End of file
